[debug] [2022-05-06T21:03:14.739Z] ----------------------------------------------------------------------
[debug] [2022-05-06T21:03:14.741Z] Command:       /Users/macbook/.nvm/versions/node/v14.17.0/bin/node /Users/macbook/.nvm/versions/node/v14.17.0/bin/firebase deploy
[debug] [2022-05-06T21:03:14.741Z] CLI Version:   10.8.0
[debug] [2022-05-06T21:03:14.741Z] Platform:      darwin
[debug] [2022-05-06T21:03:14.741Z] Node Version:  v14.17.0
[debug] [2022-05-06T21:03:14.746Z] Time:          Fri May 06 2022 14:03:14 GMT-0700 (Pacific Daylight Time)
[debug] [2022-05-06T21:03:14.746Z] ----------------------------------------------------------------------
[debug] 
[debug] [2022-05-06T21:03:14.818Z] > command requires scopes: ["email","openid","https://www.googleapis.com/auth/cloudplatformprojects.readonly","https://www.googleapis.com/auth/firebase","https://www.googleapis.com/auth/cloud-platform"]
[debug] [2022-05-06T21:03:14.819Z] > authorizing via signed-in user (trungbui@ucsb.edu)
[debug] [2022-05-06T21:03:14.819Z] [iam] checking project curiosity-e1f26 for permissions ["cloudfunctions.functions.create","cloudfunctions.functions.delete","cloudfunctions.functions.get","cloudfunctions.functions.list","cloudfunctions.functions.update","cloudfunctions.operations.get","datastore.indexes.create","datastore.indexes.delete","datastore.indexes.list","datastore.indexes.update","firebase.projects.get"]
[debug] [2022-05-06T21:03:14.822Z] >>> [apiv2][query] POST https://cloudresourcemanager.googleapis.com/v1/projects/curiosity-e1f26:testIamPermissions [none]
[debug] [2022-05-06T21:03:14.822Z] >>> [apiv2][body] POST https://cloudresourcemanager.googleapis.com/v1/projects/curiosity-e1f26:testIamPermissions {"permissions":["cloudfunctions.functions.create","cloudfunctions.functions.delete","cloudfunctions.functions.get","cloudfunctions.functions.list","cloudfunctions.functions.update","cloudfunctions.operations.get","datastore.indexes.create","datastore.indexes.delete","datastore.indexes.list","datastore.indexes.update","firebase.projects.get"]}
[debug] [2022-05-06T21:03:15.319Z] <<< [apiv2][status] POST https://cloudresourcemanager.googleapis.com/v1/projects/curiosity-e1f26:testIamPermissions 200
[debug] [2022-05-06T21:03:15.319Z] <<< [apiv2][body] POST https://cloudresourcemanager.googleapis.com/v1/projects/curiosity-e1f26:testIamPermissions {"permissions":["cloudfunctions.functions.create","cloudfunctions.functions.delete","cloudfunctions.functions.get","cloudfunctions.functions.list","cloudfunctions.functions.update","cloudfunctions.operations.get","datastore.indexes.create","datastore.indexes.delete","datastore.indexes.list","datastore.indexes.update","firebase.projects.get"]}
[debug] [2022-05-06T21:03:15.320Z] >>> [apiv2][query] POST https://iam.googleapis.com/v1/projects/curiosity-e1f26/serviceAccounts/curiosity-e1f26@appspot.gserviceaccount.com:testIamPermissions [none]
[debug] [2022-05-06T21:03:15.320Z] >>> [apiv2][body] POST https://iam.googleapis.com/v1/projects/curiosity-e1f26/serviceAccounts/curiosity-e1f26@appspot.gserviceaccount.com:testIamPermissions {"permissions":["iam.serviceAccounts.actAs"]}
[debug] [2022-05-06T21:03:15.825Z] <<< [apiv2][status] POST https://iam.googleapis.com/v1/projects/curiosity-e1f26/serviceAccounts/curiosity-e1f26@appspot.gserviceaccount.com:testIamPermissions 200
[debug] [2022-05-06T21:03:15.825Z] <<< [apiv2][body] POST https://iam.googleapis.com/v1/projects/curiosity-e1f26/serviceAccounts/curiosity-e1f26@appspot.gserviceaccount.com:testIamPermissions {"permissions":["iam.serviceAccounts.actAs"]}
[info] 
[info] === Deploying to 'curiosity-e1f26'...
[info] 
[info] i  deploying firestore, functions 
[info] Running command: npm --prefix "$RESOURCE_DIR" run build
[info] ✔  functions: Finished running predeploy script. 
[info] i  firestore: reading indexes from firestore.indexes.json... 
[info] i  cloud.firestore: checking firestore.rules for compilation errors... 
[debug] [2022-05-06T21:03:24.569Z] >>> [apiv2][query] POST https://firebaserules.googleapis.com/v1/projects/curiosity-e1f26:test [none]
[debug] [2022-05-06T21:03:24.569Z] >>> [apiv2][body] POST https://firebaserules.googleapis.com/v1/projects/curiosity-e1f26:test [omitted]
[debug] [2022-05-06T21:03:25.018Z] <<< [apiv2][status] POST https://firebaserules.googleapis.com/v1/projects/curiosity-e1f26:test 200
[debug] [2022-05-06T21:03:25.018Z] <<< [apiv2][body] POST https://firebaserules.googleapis.com/v1/projects/curiosity-e1f26:test {}
[info] ✔  cloud.firestore: rules file firestore.rules compiled successfully 
[debug] [2022-05-06T21:03:25.020Z] >>> [apiv2][query] GET https://firebase.googleapis.com/v1beta1/projects/curiosity-e1f26 [none]
[debug] [2022-05-06T21:03:25.333Z] <<< [apiv2][status] GET https://firebase.googleapis.com/v1beta1/projects/curiosity-e1f26 200
[debug] [2022-05-06T21:03:25.334Z] <<< [apiv2][body] GET https://firebase.googleapis.com/v1beta1/projects/curiosity-e1f26 {"projectId":"curiosity-e1f26","projectNumber":"49671142207","displayName":"META Curiosity","name":"projects/curiosity-e1f26","resources":{"hostingSite":"curiosity-e1f26","realtimeDatabaseInstance":"curiosity-e1f26","storageBucket":"curiosity-e1f26.appspot.com","locationId":"us-central"},"state":"ACTIVE"}
[info] i  functions: ensuring required API cloudfunctions.googleapis.com is enabled... 
[info] i  functions: ensuring required API cloudbuild.googleapis.com is enabled... 
[debug] [2022-05-06T21:03:25.335Z] >>> [apiv2][query] GET https://serviceusage.googleapis.com/v1/projects/curiosity-e1f26/services/cloudfunctions.googleapis.com [none]
[debug] [2022-05-06T21:03:25.337Z] >>> [apiv2][query] GET https://serviceusage.googleapis.com/v1/projects/curiosity-e1f26/services/runtimeconfig.googleapis.com [none]
[debug] [2022-05-06T21:03:25.338Z] >>> [apiv2][query] GET https://serviceusage.googleapis.com/v1/projects/curiosity-e1f26/services/cloudbuild.googleapis.com [none]
[debug] [2022-05-06T21:03:25.339Z] >>> [apiv2][query] GET https://serviceusage.googleapis.com/v1/projects/curiosity-e1f26/services/artifactregistry.googleapis.com [none]
[debug] [2022-05-06T21:03:25.819Z] <<< [apiv2][status] GET https://serviceusage.googleapis.com/v1/projects/curiosity-e1f26/services/artifactregistry.googleapis.com 200
[debug] [2022-05-06T21:03:25.819Z] <<< [apiv2][body] GET https://serviceusage.googleapis.com/v1/projects/curiosity-e1f26/services/artifactregistry.googleapis.com [omitted]
[debug] [2022-05-06T21:03:25.826Z] <<< [apiv2][status] GET https://serviceusage.googleapis.com/v1/projects/curiosity-e1f26/services/cloudbuild.googleapis.com 200
[debug] [2022-05-06T21:03:25.826Z] <<< [apiv2][body] GET https://serviceusage.googleapis.com/v1/projects/curiosity-e1f26/services/cloudbuild.googleapis.com [omitted]
[info] ✔  functions: required API cloudbuild.googleapis.com is enabled 
[debug] [2022-05-06T21:03:25.833Z] <<< [apiv2][status] GET https://serviceusage.googleapis.com/v1/projects/curiosity-e1f26/services/cloudfunctions.googleapis.com 200
[debug] [2022-05-06T21:03:25.833Z] <<< [apiv2][body] GET https://serviceusage.googleapis.com/v1/projects/curiosity-e1f26/services/cloudfunctions.googleapis.com [omitted]
[info] ✔  functions: required API cloudfunctions.googleapis.com is enabled 
[debug] [2022-05-06T21:03:25.845Z] <<< [apiv2][status] GET https://serviceusage.googleapis.com/v1/projects/curiosity-e1f26/services/runtimeconfig.googleapis.com 200
[debug] [2022-05-06T21:03:25.845Z] <<< [apiv2][body] GET https://serviceusage.googleapis.com/v1/projects/curiosity-e1f26/services/runtimeconfig.googleapis.com [omitted]
[debug] [2022-05-06T21:03:25.845Z] >>> [apiv2][query] GET https://firebase.googleapis.com/v1beta1/projects/curiosity-e1f26/adminSdkConfig [none]
[debug] [2022-05-06T21:03:26.127Z] <<< [apiv2][status] GET https://firebase.googleapis.com/v1beta1/projects/curiosity-e1f26/adminSdkConfig 200
[debug] [2022-05-06T21:03:26.127Z] <<< [apiv2][body] GET https://firebase.googleapis.com/v1beta1/projects/curiosity-e1f26/adminSdkConfig {"projectId":"curiosity-e1f26","databaseURL":"https://curiosity-e1f26.firebaseio.com","storageBucket":"curiosity-e1f26.appspot.com","locationId":"us-central"}
[debug] [2022-05-06T21:03:26.127Z] >>> [apiv2][query] GET https://runtimeconfig.googleapis.com/v1beta1/projects/curiosity-e1f26/configs [none]
[debug] [2022-05-06T21:03:26.483Z] <<< [apiv2][status] GET https://runtimeconfig.googleapis.com/v1beta1/projects/curiosity-e1f26/configs 200
[debug] [2022-05-06T21:03:26.484Z] <<< [apiv2][body] GET https://runtimeconfig.googleapis.com/v1beta1/projects/curiosity-e1f26/configs {}
[info] i  functions: preparing codebase default for deployment 
[debug] [2022-05-06T21:03:26.486Z] Validating nodejs source
[debug] [2022-05-06T21:03:27.698Z] > [functions] package.json contents: {
  "name": "functions",
  "scripts": {
    "lint": "eslint --ext .js,.ts .",
    "build": "tsc",
    "serve": "npm run build && firebase emulators:start --only functions",
    "shell": "npm run build && firebase functions:shell",
    "start": "npm run shell",
    "deploy": "firebase deploy --only functions",
    "logs": "firebase functions:log"
  },
  "engines": {
    "node": "16"
  },
  "main": "lib/index.js",
  "dependencies": {
    "firebase-admin": "^10.2.0",
    "firebase-functions": "^3.21.0"
  },
  "devDependencies": {
    "@typescript-eslint/eslint-plugin": "^5.12.0",
    "@typescript-eslint/parser": "^5.12.0",
    "babel-eslint": "^10.1.0",
    "eslint": "^8.9.0",
    "eslint-config-google": "^0.14.0",
    "eslint-plugin-import": "^2.25.4",
    "firebase-functions-test": "^0.2.0",
    "typescript": "^4.5.4"
  },
  "private": true
}
[debug] [2022-05-06T21:03:27.699Z] Building nodejs source
[info] i  functions: Loaded environment variables from .env. 
[debug] [2022-05-06T21:03:27.700Z] Analyzing nodejs backend spec
[info] i  functions: preparing functions directory for uploading... 
[info] i  functions: packaged /Users/macbook/Desktop/Projects/Curiosity app/curiosityapp/functions (98.34 KB) for uploading 
[debug] [2022-05-06T21:03:27.858Z] >>> [apiv2][query] GET https://cloudfunctions.googleapis.com/v1/projects/curiosity-e1f26/locations/-/functions [none]
[debug] [2022-05-06T21:03:28.626Z] <<< [apiv2][status] GET https://cloudfunctions.googleapis.com/v1/projects/curiosity-e1f26/locations/-/functions 200
[debug] [2022-05-06T21:03:28.626Z] <<< [apiv2][body] GET https://cloudfunctions.googleapis.com/v1/projects/curiosity-e1f26/locations/-/functions {"functions":[{"name":"projects/curiosity-e1f26/locations/us-central1/functions/sendUserActivitySetupMessage","eventTrigger":{"eventType":"google.pubsub.topic.publish","resource":"projects/curiosity-e1f26/topics/firebase-schedule-sendUserActivitySetupMessage-us-central1","service":"pubsub.googleapis.com","failurePolicy":{}},"status":"ACTIVE","entryPoint":"sendUserActivitySetupMessage","timeout":"60s","availableMemoryMb":256,"serviceAccountEmail":"curiosity-e1f26@appspot.gserviceaccount.com","updateTime":"2022-05-06T20:49:04.947Z","versionId":"2","labels":{"deployment-scheduled":"true","deployment-tool":"cli-firebase"},"sourceUploadUrl":"https://storage.googleapis.com/uploads-785803032731.us-central1.cloudfunctions.appspot.com/8d0e8d28-003c-49ef-a7de-a1f48569d0e9.zip","environmentVariables":{"FIREBASE_CONFIG":"{\"projectId\":\"curiosity-e1f26\",\"databaseURL\":\"https://curiosity-e1f26.firebaseio.com\",\"storageBucket\":\"curiosity-e1f26.appspot.com\",\"locationId\":\"us-central\"}","GCLOUD_PROJECT":"curiosity-e1f26"},"runtime":"nodejs16","ingressSettings":"ALLOW_ALL","buildId":"a9238d5c-277c-4931-a09c-e403bd8d7cda","buildName":"projects/49671142207/locations/us-central1/builds/a9238d5c-277c-4931-a09c-e403bd8d7cda","dockerRegistry":"CONTAINER_REGISTRY"}]}
[info] i  functions: ensuring required API cloudscheduler.googleapis.com is enabled... 
[debug] [2022-05-06T21:03:28.631Z] >>> [apiv2][query] GET https://serviceusage.googleapis.com/v1/projects/curiosity-e1f26/services/cloudscheduler.googleapis.com [none]
[debug] [2022-05-06T21:03:29.136Z] <<< [apiv2][status] GET https://serviceusage.googleapis.com/v1/projects/curiosity-e1f26/services/cloudscheduler.googleapis.com 200
[debug] [2022-05-06T21:03:29.137Z] <<< [apiv2][body] GET https://serviceusage.googleapis.com/v1/projects/curiosity-e1f26/services/cloudscheduler.googleapis.com [omitted]
[info] ✔  functions: required API cloudscheduler.googleapis.com is enabled 
[debug] [2022-05-06T21:03:29.141Z] >>> [apiv2][query] GET https://firebase.googleapis.com/v1beta1/projects/curiosity-e1f26 [none]
[debug] [2022-05-06T21:03:29.649Z] <<< [apiv2][status] GET https://firebase.googleapis.com/v1beta1/projects/curiosity-e1f26 200
[debug] [2022-05-06T21:03:29.650Z] <<< [apiv2][body] GET https://firebase.googleapis.com/v1beta1/projects/curiosity-e1f26 {"projectId":"curiosity-e1f26","projectNumber":"49671142207","displayName":"META Curiosity","name":"projects/curiosity-e1f26","resources":{"hostingSite":"curiosity-e1f26","realtimeDatabaseInstance":"curiosity-e1f26","storageBucket":"curiosity-e1f26.appspot.com","locationId":"us-central"},"state":"ACTIVE"}
[debug] [2022-05-06T21:03:29.653Z] > refreshing access token with scopes: ["email","https://www.googleapis.com/auth/cloud-platform","https://www.googleapis.com/auth/cloudplatformprojects.readonly","https://www.googleapis.com/auth/firebase","openid"]
[debug] [2022-05-06T21:03:29.653Z] >>> HTTP REQUEST POST https://www.googleapis.com/oauth2/v3/token  
 <request body omitted>
[debug] [2022-05-06T21:03:29.656Z] >>> [apiv2][query] GET https://firebaserules.googleapis.com/v1/projects/curiosity-e1f26/releases pageSize=10&pageToken=
[debug] [2022-05-06T21:03:29.799Z] <<< HTTP RESPONSE 200 {"date":"Fri, 06 May 2022 21:03:29 GMT","cache-control":"no-cache, no-store, max-age=0, must-revalidate","expires":"Mon, 01 Jan 1990 00:00:00 GMT","pragma":"no-cache","content-type":"application/json; charset=utf-8","vary":"X-Origin, Referer, Origin,Accept-Encoding","server":"scaffolding on HTTPServer2","x-xss-protection":"0","x-frame-options":"SAMEORIGIN","x-content-type-options":"nosniff","alt-svc":"h3=\":443\"; ma=2592000,h3-29=\":443\"; ma=2592000,h3-Q050=\":443\"; ma=2592000,h3-Q046=\":443\"; ma=2592000,h3-Q043=\":443\"; ma=2592000,quic=\":443\"; ma=2592000; v=\"46,43\"","accept-ranges":"none","transfer-encoding":"chunked"}
[debug] [2022-05-06T21:03:29.841Z] >>> HTTP REQUEST GET https://firestore.googleapis.com/v1/projects/curiosity-e1f26/databases/(default)/collectionGroups/-/indexes  
 
[debug] [2022-05-06T21:03:30.036Z] <<< [apiv2][status] GET https://firebaserules.googleapis.com/v1/projects/curiosity-e1f26/releases 200
[debug] [2022-05-06T21:03:30.036Z] <<< [apiv2][body] GET https://firebaserules.googleapis.com/v1/projects/curiosity-e1f26/releases {"releases":[{"name":"projects/curiosity-e1f26/releases/cloud.firestore","rulesetName":"projects/curiosity-e1f26/rulesets/e8a13c3d-7d50-4a80-aa42-fb4b4288dff3","createTime":"2021-02-05T14:00:35.939619Z","updateTime":"2022-05-06T20:46:50.203602Z"},{"name":"projects/curiosity-e1f26/releases/firebase.storage/curiosity-e1f26.appspot.com","rulesetName":"projects/curiosity-e1f26/rulesets/b0935dd4-4dc5-467d-b4f5-0cd0d68aa896","createTime":"2020-08-16T08:08:30.303373Z","updateTime":"2020-10-11T21:20:15.259149Z"}]}
[debug] [2022-05-06T21:03:30.036Z] > refreshing access token with scopes: []
[debug] [2022-05-06T21:03:30.037Z] >>> HTTP REQUEST POST https://www.googleapis.com/oauth2/v3/token  
 <request body omitted>
[debug] [2022-05-06T21:03:30.153Z] <<< HTTP RESPONSE 200 {"cache-control":"no-cache, no-store, max-age=0, must-revalidate","date":"Fri, 06 May 2022 21:03:30 GMT","pragma":"no-cache","expires":"Mon, 01 Jan 1990 00:00:00 GMT","content-type":"application/json; charset=utf-8","vary":"X-Origin, Referer, Origin,Accept-Encoding","server":"scaffolding on HTTPServer2","x-xss-protection":"0","x-frame-options":"SAMEORIGIN","x-content-type-options":"nosniff","alt-svc":"h3=\":443\"; ma=2592000,h3-29=\":443\"; ma=2592000,h3-Q050=\":443\"; ma=2592000,h3-Q046=\":443\"; ma=2592000,h3-Q043=\":443\"; ma=2592000,quic=\":443\"; ma=2592000; v=\"46,43\"","accept-ranges":"none","transfer-encoding":"chunked"}
[debug] [2022-05-06T21:03:30.194Z] >>> [apiv2][query] GET https://firebaserules.googleapis.com/v1/projects/curiosity-e1f26/rulesets/e8a13c3d-7d50-4a80-aa42-fb4b4288dff3 [none]
[debug] [2022-05-06T21:03:30.377Z] <<< HTTP RESPONSE 200 {"content-type":"application/json; charset=UTF-8","vary":"X-Origin, Referer, Origin,Accept-Encoding","date":"Fri, 06 May 2022 21:03:30 GMT","server":"ESF","cache-control":"private","x-xss-protection":"0","x-frame-options":"SAMEORIGIN","x-content-type-options":"nosniff","alt-svc":"h3=\":443\"; ma=2592000,h3-29=\":443\"; ma=2592000,h3-Q050=\":443\"; ma=2592000,h3-Q046=\":443\"; ma=2592000,h3-Q043=\":443\"; ma=2592000,quic=\":443\"; ma=2592000; v=\"46,43\"","accept-ranges":"none","transfer-encoding":"chunked"}
[debug] [2022-05-06T21:03:30.380Z] > refreshing access token with scopes: ["email","https://www.googleapis.com/auth/cloud-platform","https://www.googleapis.com/auth/cloudplatformprojects.readonly","https://www.googleapis.com/auth/firebase","openid"]
[debug] [2022-05-06T21:03:30.381Z] >>> HTTP REQUEST POST https://www.googleapis.com/oauth2/v3/token  
 <request body omitted>
[debug] [2022-05-06T21:03:30.531Z] <<< [apiv2][status] GET https://firebaserules.googleapis.com/v1/projects/curiosity-e1f26/rulesets/e8a13c3d-7d50-4a80-aa42-fb4b4288dff3 200
[debug] [2022-05-06T21:03:30.532Z] <<< [apiv2][body] GET https://firebaserules.googleapis.com/v1/projects/curiosity-e1f26/rulesets/e8a13c3d-7d50-4a80-aa42-fb4b4288dff3 [omitted]
[info] i  firestore: latest version of firestore.rules already up to date, skipping upload... 
[debug] [2022-05-06T21:03:30.543Z] <<< HTTP RESPONSE 200 {"expires":"Mon, 01 Jan 1990 00:00:00 GMT","date":"Fri, 06 May 2022 21:03:30 GMT","pragma":"no-cache","cache-control":"no-cache, no-store, max-age=0, must-revalidate","content-type":"application/json; charset=utf-8","vary":"X-Origin, Referer, Origin,Accept-Encoding","server":"scaffolding on HTTPServer2","x-xss-protection":"0","x-frame-options":"SAMEORIGIN","x-content-type-options":"nosniff","alt-svc":"h3=\":443\"; ma=2592000,h3-29=\":443\"; ma=2592000,h3-Q050=\":443\"; ma=2592000,h3-Q046=\":443\"; ma=2592000,h3-Q043=\":443\"; ma=2592000,quic=\":443\"; ma=2592000; v=\"46,43\"","accept-ranges":"none","transfer-encoding":"chunked"}
[debug] [2022-05-06T21:03:30.582Z] >>> HTTP REQUEST GET https://firestore.googleapis.com/v1/projects/curiosity-e1f26/databases/(default)/collectionGroups/-/fields?filter=indexConfig.usesAncestorConfig=false  
 
[debug] [2022-05-06T21:03:31.084Z] <<< HTTP RESPONSE 200 {"content-type":"application/json; charset=UTF-8","vary":"X-Origin, Referer, Origin,Accept-Encoding","date":"Fri, 06 May 2022 21:03:31 GMT","server":"ESF","cache-control":"private","x-xss-protection":"0","x-frame-options":"SAMEORIGIN","x-content-type-options":"nosniff","alt-svc":"h3=\":443\"; ma=2592000,h3-29=\":443\"; ma=2592000,h3-Q050=\":443\"; ma=2592000,h3-Q046=\":443\"; ma=2592000,h3-Q043=\":443\"; ma=2592000,quic=\":443\"; ma=2592000; v=\"46,43\"","accept-ranges":"none","transfer-encoding":"chunked"}
[info] ✔  firestore: deployed indexes in firestore.indexes.json successfully 
[debug] [2022-05-06T21:03:31.086Z] > refreshing access token with scopes: []
[debug] [2022-05-06T21:03:31.086Z] >>> HTTP REQUEST POST https://www.googleapis.com/oauth2/v3/token  
 <request body omitted>
[debug] [2022-05-06T21:03:31.221Z] <<< HTTP RESPONSE 200 {"date":"Fri, 06 May 2022 21:03:31 GMT","cache-control":"no-cache, no-store, max-age=0, must-revalidate","pragma":"no-cache","expires":"Mon, 01 Jan 1990 00:00:00 GMT","content-type":"application/json; charset=utf-8","vary":"X-Origin, Referer, Origin,Accept-Encoding","server":"scaffolding on HTTPServer2","x-xss-protection":"0","x-frame-options":"SAMEORIGIN","x-content-type-options":"nosniff","alt-svc":"h3=\":443\"; ma=2592000,h3-29=\":443\"; ma=2592000,h3-Q050=\":443\"; ma=2592000,h3-Q046=\":443\"; ma=2592000,h3-Q043=\":443\"; ma=2592000,quic=\":443\"; ma=2592000; v=\"46,43\"","accept-ranges":"none","transfer-encoding":"chunked"}
[debug] [2022-05-06T21:03:31.263Z] >>> [apiv2][query] POST https://cloudfunctions.googleapis.com/v1/projects/curiosity-e1f26/locations/us-central1/functions:generateUploadUrl [none]
[debug] [2022-05-06T21:03:31.263Z] >>> [apiv2][body] POST https://cloudfunctions.googleapis.com/v1/projects/curiosity-e1f26/locations/us-central1/functions:generateUploadUrl {}
[debug] [2022-05-06T21:03:31.900Z] <<< [apiv2][status] POST https://cloudfunctions.googleapis.com/v1/projects/curiosity-e1f26/locations/us-central1/functions:generateUploadUrl 200
[debug] [2022-05-06T21:03:31.900Z] <<< [apiv2][body] POST https://cloudfunctions.googleapis.com/v1/projects/curiosity-e1f26/locations/us-central1/functions:generateUploadUrl {"uploadUrl":"https://storage.googleapis.com/uploads-785803032731.us-central1.cloudfunctions.appspot.com/9538c2c7-de6d-42bc-9432-58d339272f19.zip?GoogleAccessId=service-49671142207@gcf-admin-robot.iam.gserviceaccount.com&Expires=1651872811&Signature=DW9X4cjnVAwgem6yOsAswJb5xowcduW2%2BPNUCIurpQNQgxgj7KRbxyMn9cl7hZc9eF8FI18eIYOsGv%2BJnPW1i3S%2BNOM6xF8MgxBeByK9DVZh7Ys7wfzPqQrvaJaZd%2Bn37VHRWZ1q%2BCwbYjZUBNVrHooTnItITDEpZQTpYFcrCMcVqMxF7FHdrWKaZzH68UHYrRdTAWNq3KymvwxOyrFL7KDDBp%2Fd9neAbQR%2FE%2BKKcNebx9YFw1Zc%2B3s9ZXzUnAsg117Ipr1XtqsuzPiMQSwuTHpjuBp%2FPqnxPq3ZJa%2BoOQ5Y8Ybp5xmJTaoBm%2FHVJYR%2Fa7o5YxHB6jd%2BS5A55rc8Hw%3D%3D"}
[debug] [2022-05-06T21:03:31.902Z] >>> [apiv2][query] PUT https://storage.googleapis.com/uploads-785803032731.us-central1.cloudfunctions.appspot.com/9538c2c7-de6d-42bc-9432-58d339272f19.zip GoogleAccessId=service-49671142207%40gcf-admin-robot.iam.gserviceaccount.com&Expires=1651872811&Signature=DW9X4cjnVAwgem6yOsAswJb5xowcduW2%2BPNUCIurpQNQgxgj7KRbxyMn9cl7hZc9eF8FI18eIYOsGv%2BJnPW1i3S%2BNOM6xF8MgxBeByK9DVZh7Ys7wfzPqQrvaJaZd%2Bn37VHRWZ1q%2BCwbYjZUBNVrHooTnItITDEpZQTpYFcrCMcVqMxF7FHdrWKaZzH68UHYrRdTAWNq3KymvwxOyrFL7KDDBp%2Fd9neAbQR%2FE%2BKKcNebx9YFw1Zc%2B3s9ZXzUnAsg117Ipr1XtqsuzPiMQSwuTHpjuBp%2FPqnxPq3ZJa%2BoOQ5Y8Ybp5xmJTaoBm%2FHVJYR%2Fa7o5YxHB6jd%2BS5A55rc8Hw%3D%3D
[debug] [2022-05-06T21:03:31.902Z] >>> [apiv2][body] PUT https://storage.googleapis.com/uploads-785803032731.us-central1.cloudfunctions.appspot.com/9538c2c7-de6d-42bc-9432-58d339272f19.zip [stream]
[debug] [2022-05-06T21:03:32.411Z] <<< [apiv2][status] PUT https://storage.googleapis.com/uploads-785803032731.us-central1.cloudfunctions.appspot.com/9538c2c7-de6d-42bc-9432-58d339272f19.zip 200
[debug] [2022-05-06T21:03:32.411Z] <<< [apiv2][body] PUT https://storage.googleapis.com/uploads-785803032731.us-central1.cloudfunctions.appspot.com/9538c2c7-de6d-42bc-9432-58d339272f19.zip [omitted]
[info] ✔  functions: functions folder uploaded successfully 
[debug] [2022-05-06T21:03:32.412Z] [rules] releasing cloud.firestore with ruleset projects/curiosity-e1f26/rulesets/e8a13c3d-7d50-4a80-aa42-fb4b4288dff3
[debug] [2022-05-06T21:03:32.412Z] >>> [apiv2][query] PATCH https://firebaserules.googleapis.com/v1/projects/curiosity-e1f26/releases/cloud.firestore [none]
[debug] [2022-05-06T21:03:32.413Z] >>> [apiv2][body] PATCH https://firebaserules.googleapis.com/v1/projects/curiosity-e1f26/releases/cloud.firestore {"release":{"name":"projects/curiosity-e1f26/releases/cloud.firestore","rulesetName":"projects/curiosity-e1f26/rulesets/e8a13c3d-7d50-4a80-aa42-fb4b4288dff3"}}
[debug] [2022-05-06T21:03:32.843Z] <<< [apiv2][status] PATCH https://firebaserules.googleapis.com/v1/projects/curiosity-e1f26/releases/cloud.firestore 200
[debug] [2022-05-06T21:03:32.843Z] <<< [apiv2][body] PATCH https://firebaserules.googleapis.com/v1/projects/curiosity-e1f26/releases/cloud.firestore {"name":"projects/curiosity-e1f26/releases/cloud.firestore","rulesetName":"projects/curiosity-e1f26/rulesets/e8a13c3d-7d50-4a80-aa42-fb4b4288dff3","createTime":"2021-02-05T14:00:35.939619Z","updateTime":"2022-05-06T21:03:32.861202Z"}
[debug] [2022-05-06T21:03:32.843Z] [rules] updated release projects/curiosity-e1f26/releases/cloud.firestore
[info] ✔  firestore: released rules firestore.rules to cloud.firestore 
[info] i  functions: updating Node.js 16 function sendUserActivitySetupMessage(us-central1)... 
[debug] [2022-05-06T21:03:32.846Z] >>> [apiv2][query] PATCH https://cloudfunctions.googleapis.com/v1/projects/curiosity-e1f26/locations/us-central1/functions/sendUserActivitySetupMessage updateMask=name%2CsourceUploadUrl%2CentryPoint%2Cruntime%2Clabels%2CeventTrigger.eventType%2CeventTrigger.resource%2CavailableMemoryMb%2CenvironmentVariables%2CsourceToken
[debug] [2022-05-06T21:03:32.846Z] >>> [apiv2][body] PATCH https://cloudfunctions.googleapis.com/v1/projects/curiosity-e1f26/locations/us-central1/functions/sendUserActivitySetupMessage {"name":"projects/curiosity-e1f26/locations/us-central1/functions/sendUserActivitySetupMessage","sourceUploadUrl":"https://storage.googleapis.com/uploads-785803032731.us-central1.cloudfunctions.appspot.com/9538c2c7-de6d-42bc-9432-58d339272f19.zip?GoogleAccessId=service-49671142207@gcf-admin-robot.iam.gserviceaccount.com&Expires=1651872811&Signature=DW9X4cjnVAwgem6yOsAswJb5xowcduW2%2BPNUCIurpQNQgxgj7KRbxyMn9cl7hZc9eF8FI18eIYOsGv%2BJnPW1i3S%2BNOM6xF8MgxBeByK9DVZh7Ys7wfzPqQrvaJaZd%2Bn37VHRWZ1q%2BCwbYjZUBNVrHooTnItITDEpZQTpYFcrCMcVqMxF7FHdrWKaZzH68UHYrRdTAWNq3KymvwxOyrFL7KDDBp%2Fd9neAbQR%2FE%2BKKcNebx9YFw1Zc%2B3s9ZXzUnAsg117Ipr1XtqsuzPiMQSwuTHpjuBp%2FPqnxPq3ZJa%2BoOQ5Y8Ybp5xmJTaoBm%2FHVJYR%2Fa7o5YxHB6jd%2BS5A55rc8Hw%3D%3D","entryPoint":"sendUserActivitySetupMessage","runtime":"nodejs16","labels":{"deployment-scheduled":"true","deployment-tool":"cli-firebase"},"eventTrigger":{"eventType":"google.pubsub.topic.publish","resource":"projects/curiosity-e1f26/topics/firebase-schedule-sendUserActivitySetupMessage-us-central1"},"availableMemoryMb":256,"environmentVariables":{"FIREBASE_CONFIG":"{\"projectId\":\"curiosity-e1f26\",\"databaseURL\":\"https://curiosity-e1f26.firebaseio.com\",\"storageBucket\":\"curiosity-e1f26.appspot.com\",\"locationId\":\"us-central\"}","GCLOUD_PROJECT":"curiosity-e1f26"}}
[debug] [2022-05-06T21:03:33.337Z] <<< [apiv2][status] PATCH https://cloudfunctions.googleapis.com/v1/projects/curiosity-e1f26/locations/us-central1/functions/sendUserActivitySetupMessage 200
[debug] [2022-05-06T21:03:33.337Z] <<< [apiv2][body] PATCH https://cloudfunctions.googleapis.com/v1/projects/curiosity-e1f26/locations/us-central1/functions/sendUserActivitySetupMessage {"name":"operations/Y3VyaW9zaXR5LWUxZjI2L3VzLWNlbnRyYWwxL3NlbmRVc2VyQWN0aXZpdHlTZXR1cE1lc3NhZ2UvRm5BMXhLX29xRUU","metadata":{"@type":"type.googleapis.com/google.cloud.functions.v1.OperationMetadataV1","target":"projects/curiosity-e1f26/locations/us-central1/functions/sendUserActivitySetupMessage","type":"UPDATE_FUNCTION","request":{"@type":"type.googleapis.com/google.cloud.functions.v1.CloudFunction","name":"projects/curiosity-e1f26/locations/us-central1/functions/sendUserActivitySetupMessage","eventTrigger":{"eventType":"google.pubsub.topic.publish","resource":"projects/curiosity-e1f26/topics/firebase-schedule-sendUserActivitySetupMessage-us-central1","service":"pubsub.googleapis.com","failurePolicy":{}},"status":"ACTIVE","entryPoint":"sendUserActivitySetupMessage","timeout":"60s","availableMemoryMb":256,"serviceAccountEmail":"curiosity-e1f26@appspot.gserviceaccount.com","updateTime":"2022-05-06T20:49:04.947Z","versionId":"2","labels":{"deployment-scheduled":"true","deployment-tool":"cli-firebase"},"sourceUploadUrl":"https://storage.googleapis.com/uploads-785803032731.us-central1.cloudfunctions.appspot.com/9538c2c7-de6d-42bc-9432-58d339272f19.zip?GoogleAccessId=service-49671142207@gcf-admin-robot.iam.gserviceaccount.com&Expires=1651872811&Signature=DW9X4cjnVAwgem6yOsAswJb5xowcduW2%2BPNUCIurpQNQgxgj7KRbxyMn9cl7hZc9eF8FI18eIYOsGv%2BJnPW1i3S%2BNOM6xF8MgxBeByK9DVZh7Ys7wfzPqQrvaJaZd%2Bn37VHRWZ1q%2BCwbYjZUBNVrHooTnItITDEpZQTpYFcrCMcVqMxF7FHdrWKaZzH68UHYrRdTAWNq3KymvwxOyrFL7KDDBp%2Fd9neAbQR%2FE%2BKKcNebx9YFw1Zc%2B3s9ZXzUnAsg117Ipr1XtqsuzPiMQSwuTHpjuBp%2FPqnxPq3ZJa%2BoOQ5Y8Ybp5xmJTaoBm%2FHVJYR%2Fa7o5YxHB6jd%2BS5A55rc8Hw%3D%3D","environmentVariables":{"FIREBASE_CONFIG":"{\"projectId\":\"curiosity-e1f26\",\"databaseURL\":\"https://curiosity-e1f26.firebaseio.com\",\"storageBucket\":\"curiosity-e1f26.appspot.com\",\"locationId\":\"us-central\"}","GCLOUD_PROJECT":"curiosity-e1f26"},"runtime":"nodejs16","ingressSettings":"ALLOW_ALL","buildId":"a9238d5c-277c-4931-a09c-e403bd8d7cda","buildName":"projects/49671142207/locations/us-central1/builds/a9238d5c-277c-4931-a09c-e403bd8d7cda","dockerRegistry":"CONTAINER_REGISTRY"},"versionId":"3","updateTime":"2022-05-06T21:03:33Z"}}
[debug] [2022-05-06T21:03:33.338Z] >>> [apiv2][query] GET https://cloudfunctions.googleapis.com/v1/operations/Y3VyaW9zaXR5LWUxZjI2L3VzLWNlbnRyYWwxL3NlbmRVc2VyQWN0aXZpdHlTZXR1cE1lc3NhZ2UvRm5BMXhLX29xRUU [none]
[debug] [2022-05-06T21:03:33.585Z] <<< [apiv2][status] GET https://cloudfunctions.googleapis.com/v1/operations/Y3VyaW9zaXR5LWUxZjI2L3VzLWNlbnRyYWwxL3NlbmRVc2VyQWN0aXZpdHlTZXR1cE1lc3NhZ2UvRm5BMXhLX29xRUU 200
[debug] [2022-05-06T21:03:33.585Z] <<< [apiv2][body] GET https://cloudfunctions.googleapis.com/v1/operations/Y3VyaW9zaXR5LWUxZjI2L3VzLWNlbnRyYWwxL3NlbmRVc2VyQWN0aXZpdHlTZXR1cE1lc3NhZ2UvRm5BMXhLX29xRUU {"name":"operations/Y3VyaW9zaXR5LWUxZjI2L3VzLWNlbnRyYWwxL3NlbmRVc2VyQWN0aXZpdHlTZXR1cE1lc3NhZ2UvRm5BMXhLX29xRUU","metadata":{"@type":"type.googleapis.com/google.cloud.functions.v1.OperationMetadataV1","target":"projects/curiosity-e1f26/locations/us-central1/functions/sendUserActivitySetupMessage","type":"UPDATE_FUNCTION","request":{"@type":"type.googleapis.com/google.cloud.functions.v1.CloudFunction","name":"projects/curiosity-e1f26/locations/us-central1/functions/sendUserActivitySetupMessage","eventTrigger":{"eventType":"google.pubsub.topic.publish","resource":"projects/curiosity-e1f26/topics/firebase-schedule-sendUserActivitySetupMessage-us-central1","service":"pubsub.googleapis.com","failurePolicy":{}},"status":"ACTIVE","entryPoint":"sendUserActivitySetupMessage","timeout":"60s","availableMemoryMb":256,"serviceAccountEmail":"curiosity-e1f26@appspot.gserviceaccount.com","updateTime":"2022-05-06T20:49:04.947Z","versionId":"2","labels":{"deployment-scheduled":"true","deployment-tool":"cli-firebase"},"sourceUploadUrl":"https://storage.googleapis.com/uploads-785803032731.us-central1.cloudfunctions.appspot.com/9538c2c7-de6d-42bc-9432-58d339272f19.zip?GoogleAccessId=service-49671142207@gcf-admin-robot.iam.gserviceaccount.com&Expires=1651872811&Signature=DW9X4cjnVAwgem6yOsAswJb5xowcduW2%2BPNUCIurpQNQgxgj7KRbxyMn9cl7hZc9eF8FI18eIYOsGv%2BJnPW1i3S%2BNOM6xF8MgxBeByK9DVZh7Ys7wfzPqQrvaJaZd%2Bn37VHRWZ1q%2BCwbYjZUBNVrHooTnItITDEpZQTpYFcrCMcVqMxF7FHdrWKaZzH68UHYrRdTAWNq3KymvwxOyrFL7KDDBp%2Fd9neAbQR%2FE%2BKKcNebx9YFw1Zc%2B3s9ZXzUnAsg117Ipr1XtqsuzPiMQSwuTHpjuBp%2FPqnxPq3ZJa%2BoOQ5Y8Ybp5xmJTaoBm%2FHVJYR%2Fa7o5YxHB6jd%2BS5A55rc8Hw%3D%3D","environmentVariables":{"FIREBASE_CONFIG":"{\"projectId\":\"curiosity-e1f26\",\"databaseURL\":\"https://curiosity-e1f26.firebaseio.com\",\"storageBucket\":\"curiosity-e1f26.appspot.com\",\"locationId\":\"us-central\"}","GCLOUD_PROJECT":"curiosity-e1f26"},"runtime":"nodejs16","ingressSettings":"ALLOW_ALL","buildId":"a9238d5c-277c-4931-a09c-e403bd8d7cda","buildName":"projects/49671142207/locations/us-central1/builds/a9238d5c-277c-4931-a09c-e403bd8d7cda","dockerRegistry":"CONTAINER_REGISTRY"},"versionId":"3","updateTime":"2022-05-06T21:03:33Z"}}
[debug] [2022-05-06T21:03:34.087Z] [update-default-us-central1-sendUserActivitySetupMessage] Retrying task index 0
[debug] [2022-05-06T21:03:34.087Z] >>> [apiv2][query] GET https://cloudfunctions.googleapis.com/v1/operations/Y3VyaW9zaXR5LWUxZjI2L3VzLWNlbnRyYWwxL3NlbmRVc2VyQWN0aXZpdHlTZXR1cE1lc3NhZ2UvRm5BMXhLX29xRUU [none]
[debug] [2022-05-06T21:03:34.258Z] <<< [apiv2][status] GET https://cloudfunctions.googleapis.com/v1/operations/Y3VyaW9zaXR5LWUxZjI2L3VzLWNlbnRyYWwxL3NlbmRVc2VyQWN0aXZpdHlTZXR1cE1lc3NhZ2UvRm5BMXhLX29xRUU 200
[debug] [2022-05-06T21:03:34.258Z] <<< [apiv2][body] GET https://cloudfunctions.googleapis.com/v1/operations/Y3VyaW9zaXR5LWUxZjI2L3VzLWNlbnRyYWwxL3NlbmRVc2VyQWN0aXZpdHlTZXR1cE1lc3NhZ2UvRm5BMXhLX29xRUU {"name":"operations/Y3VyaW9zaXR5LWUxZjI2L3VzLWNlbnRyYWwxL3NlbmRVc2VyQWN0aXZpdHlTZXR1cE1lc3NhZ2UvRm5BMXhLX29xRUU","metadata":{"@type":"type.googleapis.com/google.cloud.functions.v1.OperationMetadataV1","target":"projects/curiosity-e1f26/locations/us-central1/functions/sendUserActivitySetupMessage","type":"UPDATE_FUNCTION","request":{"@type":"type.googleapis.com/google.cloud.functions.v1.CloudFunction","name":"projects/curiosity-e1f26/locations/us-central1/functions/sendUserActivitySetupMessage","eventTrigger":{"eventType":"google.pubsub.topic.publish","resource":"projects/curiosity-e1f26/topics/firebase-schedule-sendUserActivitySetupMessage-us-central1","service":"pubsub.googleapis.com","failurePolicy":{}},"status":"ACTIVE","entryPoint":"sendUserActivitySetupMessage","timeout":"60s","availableMemoryMb":256,"serviceAccountEmail":"curiosity-e1f26@appspot.gserviceaccount.com","updateTime":"2022-05-06T20:49:04.947Z","versionId":"2","labels":{"deployment-scheduled":"true","deployment-tool":"cli-firebase"},"sourceUploadUrl":"https://storage.googleapis.com/uploads-785803032731.us-central1.cloudfunctions.appspot.com/9538c2c7-de6d-42bc-9432-58d339272f19.zip?GoogleAccessId=service-49671142207@gcf-admin-robot.iam.gserviceaccount.com&Expires=1651872811&Signature=DW9X4cjnVAwgem6yOsAswJb5xowcduW2%2BPNUCIurpQNQgxgj7KRbxyMn9cl7hZc9eF8FI18eIYOsGv%2BJnPW1i3S%2BNOM6xF8MgxBeByK9DVZh7Ys7wfzPqQrvaJaZd%2Bn37VHRWZ1q%2BCwbYjZUBNVrHooTnItITDEpZQTpYFcrCMcVqMxF7FHdrWKaZzH68UHYrRdTAWNq3KymvwxOyrFL7KDDBp%2Fd9neAbQR%2FE%2BKKcNebx9YFw1Zc%2B3s9ZXzUnAsg117Ipr1XtqsuzPiMQSwuTHpjuBp%2FPqnxPq3ZJa%2BoOQ5Y8Ybp5xmJTaoBm%2FHVJYR%2Fa7o5YxHB6jd%2BS5A55rc8Hw%3D%3D","environmentVariables":{"FIREBASE_CONFIG":"{\"projectId\":\"curiosity-e1f26\",\"databaseURL\":\"https://curiosity-e1f26.firebaseio.com\",\"storageBucket\":\"curiosity-e1f26.appspot.com\",\"locationId\":\"us-central\"}","GCLOUD_PROJECT":"curiosity-e1f26"},"runtime":"nodejs16","ingressSettings":"ALLOW_ALL","buildId":"a9238d5c-277c-4931-a09c-e403bd8d7cda","buildName":"projects/49671142207/locations/us-central1/builds/a9238d5c-277c-4931-a09c-e403bd8d7cda","dockerRegistry":"CONTAINER_REGISTRY"},"versionId":"3","updateTime":"2022-05-06T21:03:33Z","buildId":"86affc11-06ee-46e1-a4a7-3ed8951aa248","buildName":"projects/49671142207/locations/us-central1/builds/86affc11-06ee-46e1-a4a7-3ed8951aa248"}}
[debug] [2022-05-06T21:03:35.259Z] [update-default-us-central1-sendUserActivitySetupMessage] Retrying task index 0
[debug] [2022-05-06T21:03:35.259Z] >>> [apiv2][query] GET https://cloudfunctions.googleapis.com/v1/operations/Y3VyaW9zaXR5LWUxZjI2L3VzLWNlbnRyYWwxL3NlbmRVc2VyQWN0aXZpdHlTZXR1cE1lc3NhZ2UvRm5BMXhLX29xRUU [none]
[debug] [2022-05-06T21:03:35.468Z] <<< [apiv2][status] GET https://cloudfunctions.googleapis.com/v1/operations/Y3VyaW9zaXR5LWUxZjI2L3VzLWNlbnRyYWwxL3NlbmRVc2VyQWN0aXZpdHlTZXR1cE1lc3NhZ2UvRm5BMXhLX29xRUU 200
[debug] [2022-05-06T21:03:35.468Z] <<< [apiv2][body] GET https://cloudfunctions.googleapis.com/v1/operations/Y3VyaW9zaXR5LWUxZjI2L3VzLWNlbnRyYWwxL3NlbmRVc2VyQWN0aXZpdHlTZXR1cE1lc3NhZ2UvRm5BMXhLX29xRUU {"name":"operations/Y3VyaW9zaXR5LWUxZjI2L3VzLWNlbnRyYWwxL3NlbmRVc2VyQWN0aXZpdHlTZXR1cE1lc3NhZ2UvRm5BMXhLX29xRUU","metadata":{"@type":"type.googleapis.com/google.cloud.functions.v1.OperationMetadataV1","target":"projects/curiosity-e1f26/locations/us-central1/functions/sendUserActivitySetupMessage","type":"UPDATE_FUNCTION","request":{"@type":"type.googleapis.com/google.cloud.functions.v1.CloudFunction","name":"projects/curiosity-e1f26/locations/us-central1/functions/sendUserActivitySetupMessage","eventTrigger":{"eventType":"google.pubsub.topic.publish","resource":"projects/curiosity-e1f26/topics/firebase-schedule-sendUserActivitySetupMessage-us-central1","service":"pubsub.googleapis.com","failurePolicy":{}},"status":"ACTIVE","entryPoint":"sendUserActivitySetupMessage","timeout":"60s","availableMemoryMb":256,"serviceAccountEmail":"curiosity-e1f26@appspot.gserviceaccount.com","updateTime":"2022-05-06T20:49:04.947Z","versionId":"2","labels":{"deployment-scheduled":"true","deployment-tool":"cli-firebase"},"sourceUploadUrl":"https://storage.googleapis.com/uploads-785803032731.us-central1.cloudfunctions.appspot.com/9538c2c7-de6d-42bc-9432-58d339272f19.zip?GoogleAccessId=service-49671142207@gcf-admin-robot.iam.gserviceaccount.com&Expires=1651872811&Signature=DW9X4cjnVAwgem6yOsAswJb5xowcduW2%2BPNUCIurpQNQgxgj7KRbxyMn9cl7hZc9eF8FI18eIYOsGv%2BJnPW1i3S%2BNOM6xF8MgxBeByK9DVZh7Ys7wfzPqQrvaJaZd%2Bn37VHRWZ1q%2BCwbYjZUBNVrHooTnItITDEpZQTpYFcrCMcVqMxF7FHdrWKaZzH68UHYrRdTAWNq3KymvwxOyrFL7KDDBp%2Fd9neAbQR%2FE%2BKKcNebx9YFw1Zc%2B3s9ZXzUnAsg117Ipr1XtqsuzPiMQSwuTHpjuBp%2FPqnxPq3ZJa%2BoOQ5Y8Ybp5xmJTaoBm%2FHVJYR%2Fa7o5YxHB6jd%2BS5A55rc8Hw%3D%3D","environmentVariables":{"FIREBASE_CONFIG":"{\"projectId\":\"curiosity-e1f26\",\"databaseURL\":\"https://curiosity-e1f26.firebaseio.com\",\"storageBucket\":\"curiosity-e1f26.appspot.com\",\"locationId\":\"us-central\"}","GCLOUD_PROJECT":"curiosity-e1f26"},"runtime":"nodejs16","ingressSettings":"ALLOW_ALL","buildId":"a9238d5c-277c-4931-a09c-e403bd8d7cda","buildName":"projects/49671142207/locations/us-central1/builds/a9238d5c-277c-4931-a09c-e403bd8d7cda","dockerRegistry":"CONTAINER_REGISTRY"},"versionId":"3","updateTime":"2022-05-06T21:03:33Z","buildId":"86affc11-06ee-46e1-a4a7-3ed8951aa248","buildName":"projects/49671142207/locations/us-central1/builds/86affc11-06ee-46e1-a4a7-3ed8951aa248"}}
[debug] [2022-05-06T21:03:37.470Z] [update-default-us-central1-sendUserActivitySetupMessage] Retrying task index 0
[debug] [2022-05-06T21:03:37.470Z] >>> [apiv2][query] GET https://cloudfunctions.googleapis.com/v1/operations/Y3VyaW9zaXR5LWUxZjI2L3VzLWNlbnRyYWwxL3NlbmRVc2VyQWN0aXZpdHlTZXR1cE1lc3NhZ2UvRm5BMXhLX29xRUU [none]
[debug] [2022-05-06T21:03:37.698Z] <<< [apiv2][status] GET https://cloudfunctions.googleapis.com/v1/operations/Y3VyaW9zaXR5LWUxZjI2L3VzLWNlbnRyYWwxL3NlbmRVc2VyQWN0aXZpdHlTZXR1cE1lc3NhZ2UvRm5BMXhLX29xRUU 200
[debug] [2022-05-06T21:03:37.698Z] <<< [apiv2][body] GET https://cloudfunctions.googleapis.com/v1/operations/Y3VyaW9zaXR5LWUxZjI2L3VzLWNlbnRyYWwxL3NlbmRVc2VyQWN0aXZpdHlTZXR1cE1lc3NhZ2UvRm5BMXhLX29xRUU {"name":"operations/Y3VyaW9zaXR5LWUxZjI2L3VzLWNlbnRyYWwxL3NlbmRVc2VyQWN0aXZpdHlTZXR1cE1lc3NhZ2UvRm5BMXhLX29xRUU","metadata":{"@type":"type.googleapis.com/google.cloud.functions.v1.OperationMetadataV1","target":"projects/curiosity-e1f26/locations/us-central1/functions/sendUserActivitySetupMessage","type":"UPDATE_FUNCTION","request":{"@type":"type.googleapis.com/google.cloud.functions.v1.CloudFunction","name":"projects/curiosity-e1f26/locations/us-central1/functions/sendUserActivitySetupMessage","eventTrigger":{"eventType":"google.pubsub.topic.publish","resource":"projects/curiosity-e1f26/topics/firebase-schedule-sendUserActivitySetupMessage-us-central1","service":"pubsub.googleapis.com","failurePolicy":{}},"status":"ACTIVE","entryPoint":"sendUserActivitySetupMessage","timeout":"60s","availableMemoryMb":256,"serviceAccountEmail":"curiosity-e1f26@appspot.gserviceaccount.com","updateTime":"2022-05-06T20:49:04.947Z","versionId":"2","labels":{"deployment-scheduled":"true","deployment-tool":"cli-firebase"},"sourceUploadUrl":"https://storage.googleapis.com/uploads-785803032731.us-central1.cloudfunctions.appspot.com/9538c2c7-de6d-42bc-9432-58d339272f19.zip?GoogleAccessId=service-49671142207@gcf-admin-robot.iam.gserviceaccount.com&Expires=1651872811&Signature=DW9X4cjnVAwgem6yOsAswJb5xowcduW2%2BPNUCIurpQNQgxgj7KRbxyMn9cl7hZc9eF8FI18eIYOsGv%2BJnPW1i3S%2BNOM6xF8MgxBeByK9DVZh7Ys7wfzPqQrvaJaZd%2Bn37VHRWZ1q%2BCwbYjZUBNVrHooTnItITDEpZQTpYFcrCMcVqMxF7FHdrWKaZzH68UHYrRdTAWNq3KymvwxOyrFL7KDDBp%2Fd9neAbQR%2FE%2BKKcNebx9YFw1Zc%2B3s9ZXzUnAsg117Ipr1XtqsuzPiMQSwuTHpjuBp%2FPqnxPq3ZJa%2BoOQ5Y8Ybp5xmJTaoBm%2FHVJYR%2Fa7o5YxHB6jd%2BS5A55rc8Hw%3D%3D","environmentVariables":{"FIREBASE_CONFIG":"{\"projectId\":\"curiosity-e1f26\",\"databaseURL\":\"https://curiosity-e1f26.firebaseio.com\",\"storageBucket\":\"curiosity-e1f26.appspot.com\",\"locationId\":\"us-central\"}","GCLOUD_PROJECT":"curiosity-e1f26"},"runtime":"nodejs16","ingressSettings":"ALLOW_ALL","buildId":"a9238d5c-277c-4931-a09c-e403bd8d7cda","buildName":"projects/49671142207/locations/us-central1/builds/a9238d5c-277c-4931-a09c-e403bd8d7cda","dockerRegistry":"CONTAINER_REGISTRY"},"versionId":"3","updateTime":"2022-05-06T21:03:33Z","buildId":"86affc11-06ee-46e1-a4a7-3ed8951aa248","buildName":"projects/49671142207/locations/us-central1/builds/86affc11-06ee-46e1-a4a7-3ed8951aa248"}}
[debug] [2022-05-06T21:03:41.700Z] [update-default-us-central1-sendUserActivitySetupMessage] Retrying task index 0
[debug] [2022-05-06T21:03:41.701Z] >>> [apiv2][query] GET https://cloudfunctions.googleapis.com/v1/operations/Y3VyaW9zaXR5LWUxZjI2L3VzLWNlbnRyYWwxL3NlbmRVc2VyQWN0aXZpdHlTZXR1cE1lc3NhZ2UvRm5BMXhLX29xRUU [none]
[debug] [2022-05-06T21:03:41.949Z] <<< [apiv2][status] GET https://cloudfunctions.googleapis.com/v1/operations/Y3VyaW9zaXR5LWUxZjI2L3VzLWNlbnRyYWwxL3NlbmRVc2VyQWN0aXZpdHlTZXR1cE1lc3NhZ2UvRm5BMXhLX29xRUU 200
[debug] [2022-05-06T21:03:41.949Z] <<< [apiv2][body] GET https://cloudfunctions.googleapis.com/v1/operations/Y3VyaW9zaXR5LWUxZjI2L3VzLWNlbnRyYWwxL3NlbmRVc2VyQWN0aXZpdHlTZXR1cE1lc3NhZ2UvRm5BMXhLX29xRUU {"name":"operations/Y3VyaW9zaXR5LWUxZjI2L3VzLWNlbnRyYWwxL3NlbmRVc2VyQWN0aXZpdHlTZXR1cE1lc3NhZ2UvRm5BMXhLX29xRUU","metadata":{"@type":"type.googleapis.com/google.cloud.functions.v1.OperationMetadataV1","target":"projects/curiosity-e1f26/locations/us-central1/functions/sendUserActivitySetupMessage","type":"UPDATE_FUNCTION","request":{"@type":"type.googleapis.com/google.cloud.functions.v1.CloudFunction","name":"projects/curiosity-e1f26/locations/us-central1/functions/sendUserActivitySetupMessage","eventTrigger":{"eventType":"google.pubsub.topic.publish","resource":"projects/curiosity-e1f26/topics/firebase-schedule-sendUserActivitySetupMessage-us-central1","service":"pubsub.googleapis.com","failurePolicy":{}},"status":"ACTIVE","entryPoint":"sendUserActivitySetupMessage","timeout":"60s","availableMemoryMb":256,"serviceAccountEmail":"curiosity-e1f26@appspot.gserviceaccount.com","updateTime":"2022-05-06T20:49:04.947Z","versionId":"2","labels":{"deployment-scheduled":"true","deployment-tool":"cli-firebase"},"sourceUploadUrl":"https://storage.googleapis.com/uploads-785803032731.us-central1.cloudfunctions.appspot.com/9538c2c7-de6d-42bc-9432-58d339272f19.zip?GoogleAccessId=service-49671142207@gcf-admin-robot.iam.gserviceaccount.com&Expires=1651872811&Signature=DW9X4cjnVAwgem6yOsAswJb5xowcduW2%2BPNUCIurpQNQgxgj7KRbxyMn9cl7hZc9eF8FI18eIYOsGv%2BJnPW1i3S%2BNOM6xF8MgxBeByK9DVZh7Ys7wfzPqQrvaJaZd%2Bn37VHRWZ1q%2BCwbYjZUBNVrHooTnItITDEpZQTpYFcrCMcVqMxF7FHdrWKaZzH68UHYrRdTAWNq3KymvwxOyrFL7KDDBp%2Fd9neAbQR%2FE%2BKKcNebx9YFw1Zc%2B3s9ZXzUnAsg117Ipr1XtqsuzPiMQSwuTHpjuBp%2FPqnxPq3ZJa%2BoOQ5Y8Ybp5xmJTaoBm%2FHVJYR%2Fa7o5YxHB6jd%2BS5A55rc8Hw%3D%3D","environmentVariables":{"FIREBASE_CONFIG":"{\"projectId\":\"curiosity-e1f26\",\"databaseURL\":\"https://curiosity-e1f26.firebaseio.com\",\"storageBucket\":\"curiosity-e1f26.appspot.com\",\"locationId\":\"us-central\"}","GCLOUD_PROJECT":"curiosity-e1f26"},"runtime":"nodejs16","ingressSettings":"ALLOW_ALL","buildId":"a9238d5c-277c-4931-a09c-e403bd8d7cda","buildName":"projects/49671142207/locations/us-central1/builds/a9238d5c-277c-4931-a09c-e403bd8d7cda","dockerRegistry":"CONTAINER_REGISTRY"},"versionId":"3","updateTime":"2022-05-06T21:03:33Z","buildId":"86affc11-06ee-46e1-a4a7-3ed8951aa248","buildName":"projects/49671142207/locations/us-central1/builds/86affc11-06ee-46e1-a4a7-3ed8951aa248"}}
[debug] [2022-05-06T21:03:49.949Z] [update-default-us-central1-sendUserActivitySetupMessage] Retrying task index 0
[debug] [2022-05-06T21:03:49.949Z] >>> [apiv2][query] GET https://cloudfunctions.googleapis.com/v1/operations/Y3VyaW9zaXR5LWUxZjI2L3VzLWNlbnRyYWwxL3NlbmRVc2VyQWN0aXZpdHlTZXR1cE1lc3NhZ2UvRm5BMXhLX29xRUU [none]
[debug] [2022-05-06T21:03:50.123Z] <<< [apiv2][status] GET https://cloudfunctions.googleapis.com/v1/operations/Y3VyaW9zaXR5LWUxZjI2L3VzLWNlbnRyYWwxL3NlbmRVc2VyQWN0aXZpdHlTZXR1cE1lc3NhZ2UvRm5BMXhLX29xRUU 200
[debug] [2022-05-06T21:03:50.124Z] <<< [apiv2][body] GET https://cloudfunctions.googleapis.com/v1/operations/Y3VyaW9zaXR5LWUxZjI2L3VzLWNlbnRyYWwxL3NlbmRVc2VyQWN0aXZpdHlTZXR1cE1lc3NhZ2UvRm5BMXhLX29xRUU {"name":"operations/Y3VyaW9zaXR5LWUxZjI2L3VzLWNlbnRyYWwxL3NlbmRVc2VyQWN0aXZpdHlTZXR1cE1lc3NhZ2UvRm5BMXhLX29xRUU","metadata":{"@type":"type.googleapis.com/google.cloud.functions.v1.OperationMetadataV1","target":"projects/curiosity-e1f26/locations/us-central1/functions/sendUserActivitySetupMessage","type":"UPDATE_FUNCTION","request":{"@type":"type.googleapis.com/google.cloud.functions.v1.CloudFunction","name":"projects/curiosity-e1f26/locations/us-central1/functions/sendUserActivitySetupMessage","eventTrigger":{"eventType":"google.pubsub.topic.publish","resource":"projects/curiosity-e1f26/topics/firebase-schedule-sendUserActivitySetupMessage-us-central1","service":"pubsub.googleapis.com","failurePolicy":{}},"status":"ACTIVE","entryPoint":"sendUserActivitySetupMessage","timeout":"60s","availableMemoryMb":256,"serviceAccountEmail":"curiosity-e1f26@appspot.gserviceaccount.com","updateTime":"2022-05-06T20:49:04.947Z","versionId":"2","labels":{"deployment-scheduled":"true","deployment-tool":"cli-firebase"},"sourceUploadUrl":"https://storage.googleapis.com/uploads-785803032731.us-central1.cloudfunctions.appspot.com/9538c2c7-de6d-42bc-9432-58d339272f19.zip?GoogleAccessId=service-49671142207@gcf-admin-robot.iam.gserviceaccount.com&Expires=1651872811&Signature=DW9X4cjnVAwgem6yOsAswJb5xowcduW2%2BPNUCIurpQNQgxgj7KRbxyMn9cl7hZc9eF8FI18eIYOsGv%2BJnPW1i3S%2BNOM6xF8MgxBeByK9DVZh7Ys7wfzPqQrvaJaZd%2Bn37VHRWZ1q%2BCwbYjZUBNVrHooTnItITDEpZQTpYFcrCMcVqMxF7FHdrWKaZzH68UHYrRdTAWNq3KymvwxOyrFL7KDDBp%2Fd9neAbQR%2FE%2BKKcNebx9YFw1Zc%2B3s9ZXzUnAsg117Ipr1XtqsuzPiMQSwuTHpjuBp%2FPqnxPq3ZJa%2BoOQ5Y8Ybp5xmJTaoBm%2FHVJYR%2Fa7o5YxHB6jd%2BS5A55rc8Hw%3D%3D","environmentVariables":{"FIREBASE_CONFIG":"{\"projectId\":\"curiosity-e1f26\",\"databaseURL\":\"https://curiosity-e1f26.firebaseio.com\",\"storageBucket\":\"curiosity-e1f26.appspot.com\",\"locationId\":\"us-central\"}","GCLOUD_PROJECT":"curiosity-e1f26"},"runtime":"nodejs16","ingressSettings":"ALLOW_ALL","buildId":"a9238d5c-277c-4931-a09c-e403bd8d7cda","buildName":"projects/49671142207/locations/us-central1/builds/a9238d5c-277c-4931-a09c-e403bd8d7cda","dockerRegistry":"CONTAINER_REGISTRY"},"versionId":"3","updateTime":"2022-05-06T21:03:33Z","buildId":"86affc11-06ee-46e1-a4a7-3ed8951aa248","buildName":"projects/49671142207/locations/us-central1/builds/86affc11-06ee-46e1-a4a7-3ed8951aa248"}}
